Сборка начата 14.03.2022 17:26:16.
Уровень детализации журнала: Normal.     1>Проект "D:\БГТУ Лабы, лекции и тд\Лабараторные Белодед\2 СЕМЕСТР\Лабараторные\Лабараторная #5\Lab_5\Lab_5_DOP_1\Lab_5_DOP_1.vcxproj" в узле 2 (целевые объекты Build).
     1>InitializeBuildStatus:
         Создание "Debug\Lab_5_DOP_1.tlog\unsuccessfulbuild", так как было задано "AlwaysCreate".
       ClCompile:
         C:\Program Files (x86)\Microsoft Visual Studio\2019\Community\VC\Tools\MSVC\14.29.30133\bin\HostX86\x86\CL.exe /c /ZI /JMC /nologo /W3 /WX- /diagnostics:column /sdl /Od /Oy- /D WIN32 /D _DEBUG /D _CONSOLE /D _UNICODE /D UNICODE /Gm- /EHsc /RTC1 /MDd /GS /fp:precise /permissive- /Zc:wchar_t /Zc:forScope /Zc:inline /Fo"Debug\\" /Fd"Debug\vc142.pdb" /external:W3 /Gd /TP /analyze- /FC /errorReport:prompt Lab_5_DOP_1.cpp
         Lab_5_DOP_1.cpp
     1>D:\БГТУ Лабы, лекции и тд\Лабараторные Белодед\2 СЕМЕСТР\Лабараторные\Лабараторная #5\Lab_5\Lab_5_DOP_1\Lab_5_DOP_1.cpp(61,22): warning C4018: <: несоответствие типов со знаком и без знака
     1>D:\БГТУ Лабы, лекции и тд\Лабараторные Белодед\2 СЕМЕСТР\Лабараторные\Лабараторная #5\Lab_5\Lab_5_DOP_1\Lab_5_DOP_1.cpp(77,22): warning C4018: <: несоответствие типов со знаком и без знака
     1>D:\БГТУ Лабы, лекции и тд\Лабараторные Белодед\2 СЕМЕСТР\Лабараторные\Лабараторная #5\Lab_5\Lab_5_DOP_1\Lab_5_DOP_1.cpp(93,22): warning C4018: <: несоответствие типов со знаком и без знака
     1>D:\БГТУ Лабы, лекции и тд\Лабараторные Белодед\2 СЕМЕСТР\Лабараторные\Лабараторная #5\Lab_5\Lab_5_DOP_1\Lab_5_DOP_1.cpp(249,22): warning C4018: <: несоответствие типов со знаком и без знака
     1>D:\БГТУ Лабы, лекции и тд\Лабараторные Белодед\2 СЕМЕСТР\Лабараторные\Лабараторная #5\Lab_5\Lab_5_DOP_1\Lab_5_DOP_1.cpp(258,22): warning C4018: <: несоответствие типов со знаком и без знака
     1>D:\БГТУ Лабы, лекции и тд\Лабараторные Белодед\2 СЕМЕСТР\Лабараторные\Лабараторная #5\Lab_5\Lab_5_DOP_1\Lab_5_DOP_1.cpp(294,22): warning C4018: <: несоответствие типов со знаком и без знака
     1>D:\БГТУ Лабы, лекции и тд\Лабараторные Белодед\2 СЕМЕСТР\Лабараторные\Лабараторная #5\Lab_5\Lab_5_DOP_1\Lab_5_DOP_1.cpp(303,22): warning C4018: <: несоответствие типов со знаком и без знака
       Link:
         C:\Program Files (x86)\Microsoft Visual Studio\2019\Community\VC\Tools\MSVC\14.29.30133\bin\HostX86\x86\link.exe /ERRORREPORT:PROMPT /OUT:"D:\БГТУ Лабы, лекции и тд\Лабараторные Белодед\2 СЕМЕСТР\Лабараторные\Лабараторная #5\Lab_5\Debug\Lab_5_DOP_1.exe" /INCREMENTAL /ILK:"Debug\Lab_5_DOP_1.ilk" /NOLOGO kernel32.lib user32.lib gdi32.lib winspool.lib comdlg32.lib advapi32.lib shell32.lib ole32.lib oleaut32.lib uuid.lib odbc32.lib odbccp32.lib /MANIFEST /MANIFESTUAC:"level='asInvoker' uiAccess='false'" /manifest:embed /DEBUG /PDB:"D:\БГТУ Лабы, лекции и тд\Лабараторные Белодед\2 СЕМЕСТР\Лабараторные\Лабараторная #5\Lab_5\Debug\Lab_5_DOP_1.pdb" /SUBSYSTEM:CONSOLE /TLBID:1 /DYNAMICBASE /NXCOMPAT /IMPLIB:"D:\БГТУ Лабы, лекции и тд\Лабараторные Белодед\2 СЕМЕСТР\Лабараторные\Лабараторная #5\Lab_5\Debug\Lab_5_DOP_1.lib" /MACHINE:X86 Debug\Lab_5_DOP_1.obj
         Lab_5_DOP_1.vcxproj -> D:\БГТУ Лабы, лекции и тд\Лабараторные Белодед\2 СЕМЕСТР\Лабараторные\Лабараторная #5\Lab_5\Debug\Lab_5_DOP_1.exe
       FinalizeBuildStatus:
         Файл "Debug\Lab_5_DOP_1.tlog\unsuccessfulbuild" удаляется.
         Обращение к "Debug\Lab_5_DOP_1.tlog\Lab_5_DOP_1.lastbuildstate".
     1>Сборка проекта "D:\БГТУ Лабы, лекции и тд\Лабараторные Белодед\2 СЕМЕСТР\Лабараторные\Лабараторная #5\Lab_5\Lab_5_DOP_1\Lab_5_DOP_1.vcxproj" завершена (целевые объекты Build).

Сборка успешно завершена.

       "D:\БГТУ Лабы, лекции и тд\Лабараторные Белодед\2 СЕМЕСТР\Лабараторные\Лабараторная #5\Lab_5\Lab_5_DOP_1\Lab_5_DOP_1.vcxproj" (целевой объект Build ) (1) ->
       (Целевой объект ClCompile) -> 
         D:\БГТУ Лабы, лекции и тд\Лабараторные Белодед\2 СЕМЕСТР\Лабараторные\Лабараторная #5\Lab_5\Lab_5_DOP_1\Lab_5_DOP_1.cpp(61,22): warning C4018: <: несоответствие типов со знаком и без знака
         D:\БГТУ Лабы, лекции и тд\Лабараторные Белодед\2 СЕМЕСТР\Лабараторные\Лабараторная #5\Lab_5\Lab_5_DOP_1\Lab_5_DOP_1.cpp(77,22): warning C4018: <: несоответствие типов со знаком и без знака
         D:\БГТУ Лабы, лекции и тд\Лабараторные Белодед\2 СЕМЕСТР\Лабараторные\Лабараторная #5\Lab_5\Lab_5_DOP_1\Lab_5_DOP_1.cpp(93,22): warning C4018: <: несоответствие типов со знаком и без знака
         D:\БГТУ Лабы, лекции и тд\Лабараторные Белодед\2 СЕМЕСТР\Лабараторные\Лабараторная #5\Lab_5\Lab_5_DOP_1\Lab_5_DOP_1.cpp(249,22): warning C4018: <: несоответствие типов со знаком и без знака
         D:\БГТУ Лабы, лекции и тд\Лабараторные Белодед\2 СЕМЕСТР\Лабараторные\Лабараторная #5\Lab_5\Lab_5_DOP_1\Lab_5_DOP_1.cpp(258,22): warning C4018: <: несоответствие типов со знаком и без знака
         D:\БГТУ Лабы, лекции и тд\Лабараторные Белодед\2 СЕМЕСТР\Лабараторные\Лабараторная #5\Lab_5\Lab_5_DOP_1\Lab_5_DOP_1.cpp(294,22): warning C4018: <: несоответствие типов со знаком и без знака
         D:\БГТУ Лабы, лекции и тд\Лабараторные Белодед\2 СЕМЕСТР\Лабараторные\Лабараторная #5\Lab_5\Lab_5_DOP_1\Lab_5_DOP_1.cpp(303,22): warning C4018: <: несоответствие типов со знаком и без знака

    Предупреждений: 7
    Ошибок: 0

Прошло времени 00:00:02.22
