Сборка начата 14.03.2022 19:06:57.
Уровень детализации журнала: Normal.     1>Проект "D:\БГТУ Лабы, лекции и тд\Лабараторные Белодед\2 СЕМЕСТР\Лабараторные\Лабараторная #6\Lab_6_OAiP\Lab_6_DOP_2\Lab_6_DOP_2.vcxproj" в узле 2 (целевые объекты Build).
     1>PrepareForBuild:
         Создание каталога "Debug\Lab_6_DOP_2.tlog\".
       InitializeBuildStatus:
         Создание "Debug\Lab_6_DOP_2.tlog\unsuccessfulbuild", так как было задано "AlwaysCreate".
       ClCompile:
         C:\Program Files (x86)\Microsoft Visual Studio\2019\Community\VC\Tools\MSVC\14.29.30133\bin\HostX86\x86\CL.exe /c /ZI /JMC /nologo /W3 /WX- /diagnostics:column /sdl /Od /Oy- /D WIN32 /D _DEBUG /D _CONSOLE /D _UNICODE /D UNICODE /Gm- /EHsc /RTC1 /MDd /GS /fp:precise /permissive- /Zc:wchar_t /Zc:forScope /Zc:inline /Fo"Debug\\" /Fd"Debug\vc142.pdb" /external:W3 /Gd /TP /analyze- /FC /errorReport:prompt Lab_6_DOP_2.cpp
         Lab_6_DOP_2.cpp
     1>D:\БГТУ Лабы, лекции и тд\Лабараторные Белодед\2 СЕМЕСТР\Лабараторные\Лабараторная #6\Lab_6_OAiP\Lab_6_DOP_2\Lab_6_DOP_2.cpp(123,7): warning C4101: buf: неиспользованная локальная переменная
       Link:
         C:\Program Files (x86)\Microsoft Visual Studio\2019\Community\VC\Tools\MSVC\14.29.30133\bin\HostX86\x86\link.exe /ERRORREPORT:PROMPT /OUT:"D:\БГТУ Лабы, лекции и тд\Лабараторные Белодед\2 СЕМЕСТР\Лабараторные\Лабараторная #6\Lab_6_OAiP\Debug\Lab_6_DOP_2.exe" /INCREMENTAL /ILK:"Debug\Lab_6_DOP_2.ilk" /NOLOGO kernel32.lib user32.lib gdi32.lib winspool.lib comdlg32.lib advapi32.lib shell32.lib ole32.lib oleaut32.lib uuid.lib odbc32.lib odbccp32.lib /MANIFEST /MANIFESTUAC:"level='asInvoker' uiAccess='false'" /manifest:embed /DEBUG /PDB:"D:\БГТУ Лабы, лекции и тд\Лабараторные Белодед\2 СЕМЕСТР\Лабараторные\Лабараторная #6\Lab_6_OAiP\Debug\Lab_6_DOP_2.pdb" /SUBSYSTEM:CONSOLE /TLBID:1 /DYNAMICBASE /NXCOMPAT /IMPLIB:"D:\БГТУ Лабы, лекции и тд\Лабараторные Белодед\2 СЕМЕСТР\Лабараторные\Лабараторная #6\Lab_6_OAiP\Debug\Lab_6_DOP_2.lib" /MACHINE:X86 Debug\Lab_6_DOP_2.obj
         Lab_6_DOP_2.vcxproj -> D:\БГТУ Лабы, лекции и тд\Лабараторные Белодед\2 СЕМЕСТР\Лабараторные\Лабараторная #6\Lab_6_OAiP\Debug\Lab_6_DOP_2.exe
       FinalizeBuildStatus:
         Файл "Debug\Lab_6_DOP_2.tlog\unsuccessfulbuild" удаляется.
         Обращение к "Debug\Lab_6_DOP_2.tlog\Lab_6_DOP_2.lastbuildstate".
     1>Сборка проекта "D:\БГТУ Лабы, лекции и тд\Лабараторные Белодед\2 СЕМЕСТР\Лабараторные\Лабараторная #6\Lab_6_OAiP\Lab_6_DOP_2\Lab_6_DOP_2.vcxproj" завершена (целевые объекты Build).

Сборка успешно завершена.

       "D:\БГТУ Лабы, лекции и тд\Лабараторные Белодед\2 СЕМЕСТР\Лабараторные\Лабараторная #6\Lab_6_OAiP\Lab_6_DOP_2\Lab_6_DOP_2.vcxproj" (целевой объект Build ) (1) ->
       (Целевой объект ClCompile) -> 
         D:\БГТУ Лабы, лекции и тд\Лабараторные Белодед\2 СЕМЕСТР\Лабараторные\Лабараторная #6\Lab_6_OAiP\Lab_6_DOP_2\Lab_6_DOP_2.cpp(123,7): warning C4101: buf: неиспользованная локальная переменная

    Предупреждений: 1
    Ошибок: 0

Прошло времени 00:00:03.29
