Сборка начата 04.04.2022 16:17:19.
Уровень детализации журнала: Normal.     1>Проект "D:\БГТУ Лабы, лекции и тд\Лабараторные Белодед\2 СЕМЕСТР\Лабараторные\Лабараторная #8\Lap_8_OAiP\Lap_8_OAiP\Lap_8_OAiP.vcxproj" в узле 2 (целевые объекты Build).
     1>InitializeBuildStatus:
         Обращение к "Debug\Lap_8_OAiP.tlog\unsuccessfulbuild".
       ClCompile:
         C:\Program Files (x86)\Microsoft Visual Studio\2019\Community\VC\Tools\MSVC\14.29.30133\bin\HostX86\x86\CL.exe /c /ZI /JMC /nologo /W3 /WX- /diagnostics:column /sdl /Od /Oy- /D WIN32 /D _DEBUG /D _CONSOLE /D _UNICODE /D UNICODE /Gm- /EHsc /RTC1 /MDd /GS /fp:precise /permissive- /Zc:wchar_t /Zc:forScope /Zc:inline /Fo"Debug\\" /Fd"Debug\vc142.pdb" /external:W3 /Gd /TP /analyze- /FC /errorReport:prompt Lap_8_OAiP.cpp Source.cpp
         Lap_8_OAiP.cpp
         Source.cpp
     1>D:\БГТУ Лабы, лекции и тд\Лабараторные Белодед\2 СЕМЕСТР\Лабараторные\Лабараторная #8\Lap_8_OAiP\Lap_8_OAiP\Source.cpp(100,22): warning C4018: <: несоответствие типов со знаком и без знака
     1>D:\БГТУ Лабы, лекции и тд\Лабараторные Белодед\2 СЕМЕСТР\Лабараторные\Лабараторная #8\Lap_8_OAiP\Lap_8_OAiP\Source.cpp(106,22): warning C4018: <: несоответствие типов со знаком и без знака
         Создание кода...
       Link:
         C:\Program Files (x86)\Microsoft Visual Studio\2019\Community\VC\Tools\MSVC\14.29.30133\bin\HostX86\x86\link.exe /ERRORREPORT:PROMPT /OUT:"D:\БГТУ Лабы, лекции и тд\Лабараторные Белодед\2 СЕМЕСТР\Лабараторные\Лабараторная #8\Lap_8_OAiP\Debug\Lap_8_OAiP.exe" /INCREMENTAL /ILK:"Debug\Lap_8_OAiP.ilk" /NOLOGO kernel32.lib user32.lib gdi32.lib winspool.lib comdlg32.lib advapi32.lib shell32.lib ole32.lib oleaut32.lib uuid.lib odbc32.lib odbccp32.lib /MANIFEST /MANIFESTUAC:"level='asInvoker' uiAccess='false'" /manifest:embed /DEBUG /PDB:"D:\БГТУ Лабы, лекции и тд\Лабараторные Белодед\2 СЕМЕСТР\Лабараторные\Лабараторная #8\Lap_8_OAiP\Debug\Lap_8_OAiP.pdb" /SUBSYSTEM:CONSOLE /TLBID:1 /DYNAMICBASE /NXCOMPAT /IMPLIB:"D:\БГТУ Лабы, лекции и тд\Лабараторные Белодед\2 СЕМЕСТР\Лабараторные\Лабараторная #8\Lap_8_OAiP\Debug\Lap_8_OAiP.lib" /MACHINE:X86 Debug\Lap_8_OAiP.obj
         Debug\Source.obj
         Lap_8_OAiP.vcxproj -> D:\БГТУ Лабы, лекции и тд\Лабараторные Белодед\2 СЕМЕСТР\Лабараторные\Лабараторная #8\Lap_8_OAiP\Debug\Lap_8_OAiP.exe
       FinalizeBuildStatus:
         Файл "Debug\Lap_8_OAiP.tlog\unsuccessfulbuild" удаляется.
         Обращение к "Debug\Lap_8_OAiP.tlog\Lap_8_OAiP.lastbuildstate".
     1>Сборка проекта "D:\БГТУ Лабы, лекции и тд\Лабараторные Белодед\2 СЕМЕСТР\Лабараторные\Лабараторная #8\Lap_8_OAiP\Lap_8_OAiP\Lap_8_OAiP.vcxproj" завершена (целевые объекты Build).

Сборка успешно завершена.

       "D:\БГТУ Лабы, лекции и тд\Лабараторные Белодед\2 СЕМЕСТР\Лабараторные\Лабараторная #8\Lap_8_OAiP\Lap_8_OAiP\Lap_8_OAiP.vcxproj" (целевой объект Build ) (1) ->
       (Целевой объект ClCompile) -> 
         D:\БГТУ Лабы, лекции и тд\Лабараторные Белодед\2 СЕМЕСТР\Лабараторные\Лабараторная #8\Lap_8_OAiP\Lap_8_OAiP\Source.cpp(100,22): warning C4018: <: несоответствие типов со знаком и без знака
         D:\БГТУ Лабы, лекции и тд\Лабараторные Белодед\2 СЕМЕСТР\Лабараторные\Лабараторная #8\Lap_8_OAiP\Lap_8_OAiP\Source.cpp(106,22): warning C4018: <: несоответствие типов со знаком и без знака

    Предупреждений: 2
    Ошибок: 0

Прошло времени 00:00:01.83
